[INFO] Scanning for projects...
[INFO] 
[INFO] -------------------------< fst.elmouden:demo >--------------------------
[INFO] Building  0.0.1-SNAPSHOT
[INFO]   from pom.xml
[INFO] --------------------------------[ jar ]---------------------------------
[INFO] 
[INFO] >>> spring-boot:3.5.14-SNAPSHOT:run (default-cli) > test-compile @ demo >>>
[INFO] 
[INFO] --- resources:3.3.1:resources (default-resources) @ demo ---
[INFO] Copying 1 resource from src\main\resources to target\classes
[INFO] Copying 0 resource from src\main\resources to target\classes
[INFO] 
[INFO] --- compiler:3.14.1:compile (default-compile) @ demo ---
[INFO] Nothing to compile - all classes are up to date.
[INFO] 
[INFO] --- resources:3.3.1:testResources (default-testResources) @ demo ---
[INFO] skip non existing resourceDirectory C:\Users\Mohamed EL MOUDEN\Desktop\JEE_TP14\demo\src\test\resources
[INFO] 
[INFO] --- compiler:3.14.1:testCompile (default-testCompile) @ demo ---
[INFO] Nothing to compile - all classes are up to date.
[INFO] 
[INFO] <<< spring-boot:3.5.14-SNAPSHOT:run (default-cli) < test-compile @ demo <<<
[INFO] 
[INFO] 
[INFO] --- spring-boot:3.5.14-SNAPSHOT:run (default-cli) @ demo ---
[INFO] Attaching agents: []

  .   ____          _            __ _ _
 /\\ / ___'_ __ _ _(_)_ __  __ _ \ \ \ \
( ( )\___ | '_ | '_| | '_ \/ _` | \ \ \ \
 \\/  ___)| |_)| | | | | || (_| |  ) ) ) )
  '  |____| .__|_| |_|_| |_\__, | / / / /
 =========|_|==============|___/=/_/_/_/

 :: Spring Boot ::      (v3.5.14-SNAPSHOT)

2026-03-29T03:46:02.526+01:00  INFO 13500 --- [           main] fst.elmouden.demo.DemoApplication        : Starting DemoApplication using Java 21.0.9 with PID 13500 (C:\Users\Mohamed EL MOUDEN\Desktop\JEE_TP14\demo\target\classes started by Mohamed EL MOUDEN in C:\Users\Mohamed EL MOUDEN\Desktop\JEE_TP14\demo)
2026-03-29T03:46:02.529+01:00  INFO 13500 --- [           main] fst.elmouden.demo.DemoApplication        : No active profile set, falling back to 1 default profile: "default"
2026-03-29T03:46:04.764+01:00  INFO 13500 --- [           main] .s.d.r.c.RepositoryConfigurationDelegate : Bootstrapping Spring Data JPA repositories in DEFAULT mode.
2026-03-29T03:46:04.827+01:00  INFO 13500 --- [           main] .s.d.r.c.RepositoryConfigurationDelegate : Finished Spring Data repository scanning in 38 ms. Found 0 JPA repository interfaces.
2026-03-29T03:46:05.742+01:00  INFO 13500 --- [           main] o.s.b.w.embedded.tomcat.TomcatWebServer  : Tomcat initialized with port 8086 (http)
2026-03-29T03:46:05.763+01:00  INFO 13500 --- [           main] o.apache.catalina.core.StandardService   : Starting service [Tomcat]
2026-03-29T03:46:05.764+01:00  INFO 13500 --- [           main] o.apache.catalina.core.StandardEngine    : Starting Servlet engine: [Apache Tomcat/10.1.53]
2026-03-29T03:46:05.871+01:00  INFO 13500 --- [           main] o.a.c.c.C.[Tomcat].[localhost].[/]       : Initializing Spring embedded WebApplicationContext
2026-03-29T03:46:05.872+01:00  INFO 13500 --- [           main] w.s.c.ServletWebServerApplicationContext : Root WebApplicationContext: initialization completed in 3283 ms
2026-03-29T03:46:06.238+01:00  INFO 13500 --- [           main] o.hibernate.jpa.internal.util.LogHelper  : HHH000204: Processing PersistenceUnitInfo [name: default]
2026-03-29T03:46:06.326+01:00  INFO 13500 --- [           main] org.hibernate.Version                    : HHH000412: Hibernate ORM core version 6.6.45.Final
2026-03-29T03:46:06.385+01:00  INFO 13500 --- [           main] o.h.c.internal.RegionFactoryInitiator    : HHH000026: Second-level cache disabled
2026-03-29T03:46:06.890+01:00  INFO 13500 --- [           main] o.s.o.j.p.SpringPersistenceUnitInfo      : No LoadTimeWeaver setup: ignoring JPA class transformer
2026-03-29T03:46:06.938+01:00  INFO 13500 --- [           main] com.zaxxer.hikari.HikariDataSource       : HikariPool-1 - Starting...
2026-03-29T03:46:07.224+01:00  INFO 13500 --- [           main] com.zaxxer.hikari.pool.HikariPool        : HikariPool-1 - Added connection conn0: url=jdbc:h2:mem:testdb user=SA
2026-03-29T03:46:07.227+01:00  INFO 13500 --- [           main] com.zaxxer.hikari.HikariDataSource       : HikariPool-1 - Start completed.
2026-03-29T03:46:07.319+01:00  INFO 13500 --- [           main] org.hibernate.orm.connections.pooling    : HHH10001005: Database info:
	Database JDBC URL [Connecting through datasource 'HikariDataSource (HikariPool-1)']
	Database driver: undefined/unknown
	Database version: 2.3.232
	Autocommit mode: undefined/unknown
	Isolation level: undefined/unknown
	Minimum pool size: undefined/unknown
	Maximum pool size: undefined/unknown
2026-03-29T03:46:07.838+01:00  INFO 13500 --- [           main] o.h.e.t.j.p.i.JtaPlatformInitiator       : HHH000489: No JTA platform available (set 'hibernate.transaction.jta.platform' to enable JTA platform integration)
2026-03-29T03:46:07.846+01:00  INFO 13500 --- [           main] j.LocalContainerEntityManagerFactoryBean : Initialized JPA EntityManagerFactory for persistence unit 'default'
2026-03-29T03:46:07.910+01:00  WARN 13500 --- [           main] JpaBaseConfiguration$JpaWebConfiguration : spring.jpa.open-in-view is enabled by default. Therefore, database queries may be performed during view rendering. Explicitly configure spring.jpa.open-in-view to disable this warning
2026-03-29T03:46:08.633+01:00  INFO 13500 --- [           main] o.s.b.a.e.web.EndpointLinksResolver      : Exposing 2 endpoints beneath base path '/actuator'
2026-03-29T03:46:08.771+01:00  INFO 13500 --- [           main] o.s.b.w.embedded.tomcat.TomcatWebServer  : Tomcat started on port 8086 (http) with context path '/'
2026-03-29T03:46:08.791+01:00  INFO 13500 --- [           main] fst.elmouden.demo.DemoApplication        : Started DemoApplication in 6.824 seconds (process running for 7.31)
2026-03-29T03:50:32.560+01:00  INFO 13500 --- [nio-8086-exec-1] o.a.c.c.C.[Tomcat].[localhost].[/]       : Initializing Spring DispatcherServlet 'dispatcherServlet'
2026-03-29T03:50:32.561+01:00  INFO 13500 --- [nio-8086-exec-1] o.s.web.servlet.DispatcherServlet        : Initializing Servlet 'dispatcherServlet'
2026-03-29T03:50:32.563+01:00  INFO 13500 --- [nio-8086-exec-1] o.s.web.servlet.DispatcherServlet        : Completed initialization in 1 ms
[INFO] ------------------------------------------------------------------------
[INFO] BUILD FAILURE
[INFO] ------------------------------------------------------------------------
[INFO] Total time:  05:40 min
[INFO] Finished at: 2026-03-29T03:51:38+01:00
[INFO] ------------------------------------------------------------------------
[ERROR] Failed to execute goal org.springframework.boot:spring-boot-maven-plugin:3.5.14-SNAPSHOT:run (default-cli) on project demo: Process terminated with exit code: 1 -> [Help 1]
[ERROR] 
[ERROR] To see the full stack trace of the errors, re-run Maven with the -e switch.
[ERROR] Re-run Maven using the -X switch to enable full debug logging.
[ERROR] 
[ERROR] For more information about the errors and possible solutions, please read the following articles:
[ERROR] [Help 1] http://cwiki.apache.org/confluence/display/MAVEN/MojoExecutionException
